# JRE version: OpenJDK Runtime Environment (8.0_242) (build 1.8.0_242-release-1644-b3-6915495)
# Java VM: OpenJDK 64-Bit Server VM (25.242-b3-6915495 mixed mode bsd-amd64 compressed oops)
Heap:
 PSYoungGen      total 213504K, used 16099K [0x0000000795580000, 0x00000007a7780000, 0x00000007c0000000)
  eden space 193024K, 0% used [0x0000000795580000,0x0000000795580000,0x00000007a1200000)
  from space 20480K, 78% used [0x00000007a1200000,0x00000007a21b8d38,0x00000007a2600000)
  to   space 21504K, 0% used [0x00000007a6280000,0x00000007a6280000,0x00000007a7780000)
 ParOldGen       total 139264K, used 25869K [0x0000000740000000, 0x0000000748800000, 0x0000000795580000)
  object space 139264K, 18% used [0x0000000740000000,0x00000007419434b8,0x0000000748800000)
 Metaspace       used 56771K, capacity 59122K, committed 59160K, reserved 1099776K
  class space    used 7771K, capacity 8208K, committed 8240K, reserved 1048576K
GC Heap History (10 events):
Event: 4.344 GC heap after
Heap after GC invocations=7 (full 1):
 PSYoungGen      total 160768K, used 9754K [0x0000000795580000, 0x00000007a0280000, 0x00000007c0000000)
  eden space 147456K, 0% used [0x0000000795580000,0x0000000795580000,0x000000079e580000)
  from space 13312K, 73% used [0x000000079f280000,0x000000079fc068f8,0x000000079ff80000)
  to   space 13312K, 0% used [0x000000079e580000,0x000000079e580000,0x000000079f280000)
 ParOldGen       total 84992K, used 12773K [0x0000000740000000, 0x0000000745300000, 0x0000000795580000)
  object space 84992K, 15% used [0x0000000740000000,0x0000000740c79630,0x0000000745300000)
 Metaspace       used 34241K, capacity 35402K, committed 35496K, reserved 1079296K
  class space    used 4713K, capacity 4976K, committed 5040K, reserved 1048576K
}
Event: 4.344 GC heap before
{Heap before GC invocations=8 (full 2):
 PSYoungGen      total 160768K, used 9754K [0x0000000795580000, 0x00000007a0280000, 0x00000007c0000000)
  eden space 147456K, 0% used [0x0000000795580000,0x0000000795580000,0x000000079e580000)
  from space 13312K, 73% used [0x000000079f280000,0x000000079fc068f8,0x000000079ff80000)
  to   space 13312K, 0% used [0x000000079e580000,0x000000079e580000,0x000000079f280000)
 ParOldGen       total 84992K, used 12773K [0x0000000740000000, 0x0000000745300000, 0x0000000795580000)
  object space 84992K, 15% used [0x0000000740000000,0x0000000740c79630,0x0000000745300000)
 Metaspace       used 34241K, capacity 35402K, committed 35496K, reserved 1079296K
  class space    used 4713K, capacity 4976K, committed 5040K, reserved 1048576K
Event: 4.411 GC heap after
Heap after GC invocations=8 (full 2):
 PSYoungGen      total 160768K, used 0K [0x0000000795580000, 0x00000007a0280000, 0x00000007c0000000)
  eden space 147456K, 0% used [0x0000000795580000,0x0000000795580000,0x000000079e580000)
  from space 13312K, 0% used [0x000000079f280000,0x000000079f280000,0x000000079ff80000)
  to   space 13312K, 0% used [0x000000079e580000,0x000000079e580000,0x000000079f280000)
 ParOldGen       total 139264K, used 15926K [0x0000000740000000, 0x0000000748800000, 0x0000000795580000)
  object space 139264K, 11% used [0x0000000740000000,0x0000000740f8d880,0x0000000748800000)
 Metaspace       used 34241K, capacity 35402K, committed 35496K, reserved 1079296K
  class space    used 4713K, capacity 4976K, committed 5040K, reserved 1048576K
}
Event: 5.972 GC heap before
{Heap before GC invocations=9 (full 2):
 PSYoungGen      total 160768K, used 147456K [0x0000000795580000, 0x00000007a0280000, 0x00000007c0000000)
  eden space 147456K, 100% used [0x0000000795580000,0x000000079e580000,0x000000079e580000)
  from space 13312K, 0% used [0x000000079f280000,0x000000079f280000,0x000000079ff80000)
  to   space 13312K, 0% used [0x000000079e580000,0x000000079e580000,0x000000079f280000)
 ParOldGen       total 139264K, used 15926K [0x0000000740000000, 0x0000000748800000, 0x0000000795580000)
  object space 139264K, 11% used [0x0000000740000000,0x0000000740f8d880,0x0000000748800000)
 Metaspace       used 42952K, capacity 44770K, committed 44968K, reserved 1087488K
  class space    used 5830K, capacity 6211K, committed 6320K, reserved 1048576K
Event: 5.988 GC heap after
Heap after GC invocations=9 (full 2):
 PSYoungGen      total 160768K, used 12434K [0x0000000795580000, 0x00000007a3400000, 0x00000007c0000000)
  eden space 147456K, 0% used [0x0000000795580000,0x0000000795580000,0x000000079e580000)
  from space 13312K, 93% used [0x000000079e580000,0x000000079f1a4bb0,0x000000079f280000)
  to   space 14336K, 0% used [0x00000007a2600000,0x00000007a2600000,0x00000007a3400000)
 ParOldGen       total 139264K, used 15934K [0x0000000740000000, 0x0000000748800000, 0x0000000795580000)
  object space 139264K, 11% used [0x0000000740000000,0x0000000740f8f880,0x0000000748800000)
 Metaspace       used 42952K, capacity 44770K, committed 44968K, reserved 1087488K
  class space    used 5830K, capacity 6211K, committed 6320K, reserved 1048576K
}
Event: 8.136 GC heap before
{Heap before GC invocations=10 (full 2):
 PSYoungGen      total 160768K, used 159890K [0x0000000795580000, 0x00000007a3400000, 0x00000007c0000000)
  eden space 147456K, 100% used [0x0000000795580000,0x000000079e580000,0x000000079e580000)
  from space 13312K, 93% used [0x000000079e580000,0x000000079f1a4bb0,0x000000079f280000)
  to   space 14336K, 0% used [0x00000007a2600000,0x00000007a2600000,0x00000007a3400000)
 ParOldGen       total 139264K, used 15934K [0x0000000740000000, 0x0000000748800000, 0x0000000795580000)
  object space 139264K, 11% used [0x0000000740000000,0x0000000740f8f880,0x0000000748800000)
 Metaspace       used 55443K, capacity 57756K, committed 58024K, reserved 1099776K
  class space    used 7559K, capacity 8061K, committed 8112K, reserved 1048576K
Event: 8.161 GC heap after
Heap after GC invocations=10 (full 2):
 PSYoungGen      total 207360K, used 14316K [0x0000000795580000, 0x00000007a3f00000, 0x00000007c0000000)
  eden space 193024K, 0% used [0x0000000795580000,0x0000000795580000,0x00000007a1200000)
  from space 14336K, 99% used [0x00000007a2600000,0x00000007a33fb330,0x00000007a3400000)
  to   space 20480K, 0% used [0x00000007a1200000,0x00000007a1200000,0x00000007a2600000)
 ParOldGen       total 139264K, used 25861K [0x0000000740000000, 0x0000000748800000, 0x0000000795580000)
  object space 139264K, 18% used [0x0000000740000000,0x00000007419414b8,0x0000000748800000)
 Metaspace       used 55443K, capacity 57756K, committed 58024K, reserved 1099776K
  class space    used 7559K, capacity 8061K, committed 8112K, reserved 1048576K
}
Event: 8.382 GC heap before
{Heap before GC invocations=11 (full 2):
 PSYoungGen      total 207360K, used 34884K [0x0000000795580000, 0x00000007a3f00000, 0x00000007c0000000)
  eden space 193024K, 10% used [0x0000000795580000,0x0000000796995d88,0x00000007a1200000)
  from space 14336K, 99% used [0x00000007a2600000,0x00000007a33fb330,0x00000007a3400000)
  to   space 20480K, 0% used [0x00000007a1200000,0x00000007a1200000,0x00000007a2600000)
 ParOldGen       total 139264K, used 25861K [0x0000000740000000, 0x0000000748800000, 0x0000000795580000)
  object space 139264K, 18% used [0x0000000740000000,0x00000007419414b8,0x0000000748800000)
 Metaspace       used 56771K, capacity 59122K, committed 59160K, reserved 1099776K
  class space    used 7771K, capacity 8208K, committed 8240K, reserved 1048576K
Event: 8.399 GC heap after
Heap after GC invocations=11 (full 2):
 PSYoungGen      total 213504K, used 16099K [0x0000000795580000, 0x00000007a7780000, 0x00000007c0000000)
  eden space 193024K, 0% used [0x0000000795580000,0x0000000795580000,0x00000007a1200000)
  from space 20480K, 78% used [0x00000007a1200000,0x00000007a21b8d38,0x00000007a2600000)
  to   space 21504K, 0% used [0x00000007a6280000,0x00000007a6280000,0x00000007a7780000)
 ParOldGen       total 139264K, used 25869K [0x0000000740000000, 0x0000000748800000, 0x0000000795580000)
  object space 139264K, 18% used [0x0000000740000000,0x00000007419434b8,0x0000000748800000)
 Metaspace       used 56771K, capacity 59122K, committed 59160K, reserved 1099776K
  class space    used 7771K, capacity 8208K, committed 8240K, reserved 1048576K
}
Event: 8.399 GC heap before
{Heap before GC invocations=12 (full 3):
 PSYoungGen      total 213504K, used 16099K [0x0000000795580000, 0x00000007a7780000, 0x00000007c0000000)
  eden space 193024K, 0% used [0x0000000795580000,0x0000000795580000,0x00000007a1200000)
  from space 20480K, 78% used [0x00000007a1200000,0x00000007a21b8d38,0x00000007a2600000)
  to   space 21504K, 0% used [0x00000007a6280000,0x00000007a6280000,0x00000007a7780000)
 ParOldGen       total 139264K, used 25869K [0x0000000740000000, 0x0000000748800000, 0x0000000795580000)
  object space 139264K, 18% used [0x0000000740000000,0x00000007419434b8,0x0000000748800000)
 Metaspace       used 56771K, capacity 59122K, committed 59160K, reserved 1099776K
  class space    used 7771K, capacity 8208K, committed 8240K, reserved 1048576K

